Analysis & Synthesis report for Fase3
Sat Apr 14 13:30:09 2018
Quartus Prime Version 17.1.0 Build 590 10/25/2017 SJ Lite Edition


---------------------
; Table of Contents ;
---------------------
  1. Legal Notice
  2. Analysis & Synthesis Summary
  3. Analysis & Synthesis Settings
  4. Parallel Compilation
  5. Analysis & Synthesis Source Files Read
  6. Analysis & Synthesis Resource Usage Summary
  7. Analysis & Synthesis Resource Utilization by Entity
  8. General Register Statistics
  9. Inverted Register Statistics
 10. Multiplexer Restructuring Statistics (Restructuring Performed)
 11. Post-Synthesis Netlist Statistics for Top Partition
 12. Elapsed Time Per Partition
 13. Analysis & Synthesis Messages



----------------
; Legal Notice ;
----------------
Copyright (C) 2017  Intel Corporation. All rights reserved.
Your use of Intel Corporation's design tools, logic functions 
and other software and tools, and its AMPP partner logic 
functions, and any output files from any of the foregoing 
(including device programming or simulation files), and any 
associated documentation or information are expressly subject 
to the terms and conditions of the Intel Program License 
Subscription Agreement, the Intel Quartus Prime License Agreement,
the Intel FPGA IP License Agreement, or other applicable license
agreement, including, without limitation, that your use is for
the sole purpose of programming logic devices manufactured by
Intel and sold by Intel or its authorized distributors.  Please
refer to the applicable agreement for further details.



+----------------------------------------------------------------------------------+
; Analysis & Synthesis Summary                                                     ;
+------------------------------------+---------------------------------------------+
; Analysis & Synthesis Status        ; Successful - Sat Apr 14 13:30:09 2018       ;
; Quartus Prime Version              ; 17.1.0 Build 590 10/25/2017 SJ Lite Edition ;
; Revision Name                      ; Fase3                                       ;
; Top-level Entity Name              ; Fase3                                       ;
; Family                             ; Cyclone IV E                                ;
; Total logic elements               ; 199                                         ;
;     Total combinational functions  ; 199                                         ;
;     Dedicated logic registers      ; 62                                          ;
; Total registers                    ; 62                                          ;
; Total pins                         ; 36                                          ;
; Total virtual pins                 ; 0                                           ;
; Total memory bits                  ; 0                                           ;
; Embedded Multiplier 9-bit elements ; 0                                           ;
; Total PLLs                         ; 0                                           ;
+------------------------------------+---------------------------------------------+


+----------------------------------------------------------------------------------------------------------------------+
; Analysis & Synthesis Settings                                                                                        ;
+----------------------------------------------------------------------------+--------------------+--------------------+
; Option                                                                     ; Setting            ; Default Value      ;
+----------------------------------------------------------------------------+--------------------+--------------------+
; Device                                                                     ; EP4CE115F29C7      ;                    ;
; Top-level entity name                                                      ; Fase3              ; Fase3              ;
; Family name                                                                ; Cyclone IV E       ; Cyclone V          ;
; Use smart compilation                                                      ; Off                ; Off                ;
; Enable parallel Assembler and TimeQuest Timing Analyzer during compilation ; On                 ; On                 ;
; Enable compact report table                                                ; Off                ; Off                ;
; Restructure Multiplexers                                                   ; Auto               ; Auto               ;
; Create Debugging Nodes for IP Cores                                        ; Off                ; Off                ;
; Preserve fewer node names                                                  ; On                 ; On                 ;
; Intel FPGA IP Evaluation Mode                                              ; Enable             ; Enable             ;
; Verilog Version                                                            ; Verilog_2001       ; Verilog_2001       ;
; VHDL Version                                                               ; VHDL_1993          ; VHDL_1993          ;
; State Machine Processing                                                   ; Auto               ; Auto               ;
; Safe State Machine                                                         ; Off                ; Off                ;
; Extract Verilog State Machines                                             ; On                 ; On                 ;
; Extract VHDL State Machines                                                ; On                 ; On                 ;
; Ignore Verilog initial constructs                                          ; Off                ; Off                ;
; Iteration limit for constant Verilog loops                                 ; 5000               ; 5000               ;
; Iteration limit for non-constant Verilog loops                             ; 250                ; 250                ;
; Add Pass-Through Logic to Inferred RAMs                                    ; On                 ; On                 ;
; Infer RAMs from Raw Logic                                                  ; On                 ; On                 ;
; Parallel Synthesis                                                         ; On                 ; On                 ;
; DSP Block Balancing                                                        ; Auto               ; Auto               ;
; NOT Gate Push-Back                                                         ; On                 ; On                 ;
; Power-Up Don't Care                                                        ; On                 ; On                 ;
; Remove Redundant Logic Cells                                               ; Off                ; Off                ;
; Remove Duplicate Registers                                                 ; On                 ; On                 ;
; Ignore CARRY Buffers                                                       ; Off                ; Off                ;
; Ignore CASCADE Buffers                                                     ; Off                ; Off                ;
; Ignore GLOBAL Buffers                                                      ; Off                ; Off                ;
; Ignore ROW GLOBAL Buffers                                                  ; Off                ; Off                ;
; Ignore LCELL Buffers                                                       ; Off                ; Off                ;
; Ignore SOFT Buffers                                                        ; On                 ; On                 ;
; Limit AHDL Integers to 32 Bits                                             ; Off                ; Off                ;
; Optimization Technique                                                     ; Balanced           ; Balanced           ;
; Carry Chain Length                                                         ; 70                 ; 70                 ;
; Auto Carry Chains                                                          ; On                 ; On                 ;
; Auto Open-Drain Pins                                                       ; On                 ; On                 ;
; Perform WYSIWYG Primitive Resynthesis                                      ; Off                ; Off                ;
; Auto ROM Replacement                                                       ; On                 ; On                 ;
; Auto RAM Replacement                                                       ; On                 ; On                 ;
; Auto DSP Block Replacement                                                 ; On                 ; On                 ;
; Auto Shift Register Replacement                                            ; Auto               ; Auto               ;
; Allow Shift Register Merging across Hierarchies                            ; Auto               ; Auto               ;
; Auto Clock Enable Replacement                                              ; On                 ; On                 ;
; Strict RAM Replacement                                                     ; Off                ; Off                ;
; Allow Synchronous Control Signals                                          ; On                 ; On                 ;
; Force Use of Synchronous Clear Signals                                     ; Off                ; Off                ;
; Auto RAM Block Balancing                                                   ; On                 ; On                 ;
; Auto RAM to Logic Cell Conversion                                          ; Off                ; Off                ;
; Auto Resource Sharing                                                      ; Off                ; Off                ;
; Allow Any RAM Size For Recognition                                         ; Off                ; Off                ;
; Allow Any ROM Size For Recognition                                         ; Off                ; Off                ;
; Allow Any Shift Register Size For Recognition                              ; Off                ; Off                ;
; Use LogicLock Constraints during Resource Balancing                        ; On                 ; On                 ;
; Ignore translate_off and synthesis_off directives                          ; Off                ; Off                ;
; Timing-Driven Synthesis                                                    ; On                 ; On                 ;
; Report Parameter Settings                                                  ; On                 ; On                 ;
; Report Source Assignments                                                  ; On                 ; On                 ;
; Report Connectivity Checks                                                 ; On                 ; On                 ;
; Ignore Maximum Fan-Out Assignments                                         ; Off                ; Off                ;
; Synchronization Register Chain Length                                      ; 2                  ; 2                  ;
; Power Optimization During Synthesis                                        ; Normal compilation ; Normal compilation ;
; HDL message level                                                          ; Level2             ; Level2             ;
; Suppress Register Optimization Related Messages                            ; Off                ; Off                ;
; Number of Removed Registers Reported in Synthesis Report                   ; 5000               ; 5000               ;
; Number of Swept Nodes Reported in Synthesis Report                         ; 5000               ; 5000               ;
; Number of Inverted Registers Reported in Synthesis Report                  ; 100                ; 100                ;
; Clock MUX Protection                                                       ; On                 ; On                 ;
; Auto Gated Clock Conversion                                                ; Off                ; Off                ;
; Block Design Naming                                                        ; Auto               ; Auto               ;
; SDC constraint protection                                                  ; Off                ; Off                ;
; Synthesis Effort                                                           ; Auto               ; Auto               ;
; Shift Register Replacement - Allow Asynchronous Clear Signal               ; On                 ; On                 ;
; Pre-Mapping Resynthesis Optimization                                       ; Off                ; Off                ;
; Analysis & Synthesis Message Level                                         ; Medium             ; Medium             ;
; Disable Register Merging Across Hierarchies                                ; Auto               ; Auto               ;
; Resource Aware Inference For Block RAM                                     ; On                 ; On                 ;
+----------------------------------------------------------------------------+--------------------+--------------------+


+------------------------------------------+
; Parallel Compilation                     ;
+----------------------------+-------------+
; Processors                 ; Number      ;
+----------------------------+-------------+
; Number detected on machine ; 4           ;
; Maximum allowed            ; 4           ;
;                            ;             ;
; Average used               ; 1.00        ;
; Maximum used               ; 4           ;
;                            ;             ;
; Usage by Processor         ; % Time Used ;
;     Processor 1            ; 100.0%      ;
;     Processor 2            ;   0.0%      ;
;     Processors 3-4         ;   0.0%      ;
+----------------------------+-------------+


+---------------------------------------------------------------------------------------------------------------------------------------------------------------------------+
; Analysis & Synthesis Source Files Read                                                                                                                                    ;
+----------------------------------+-----------------+------------------------------------+-----------------------------------------------------------------------+---------+
; File Name with User-Entered Path ; Used in Netlist ; File Type                          ; File Name with Absolute Path                                          ; Library ;
+----------------------------------+-----------------+------------------------------------+-----------------------------------------------------------------------+---------+
; TimeCounter.vhd                  ; yes             ; User VHDL File                     ; D:/Universidade/LSDig/Projects/MiniProject1/Fase3/TimeCounter.vhd     ;         ;
; Bin7SegDecoder4.vhd              ; yes             ; User VHDL File                     ; D:/Universidade/LSDig/Projects/MiniProject1/Fase3/Bin7SegDecoder4.vhd ;         ;
; Bin7SegDecoder3.vhd              ; yes             ; User VHDL File                     ; D:/Universidade/LSDig/Projects/MiniProject1/Fase3/Bin7SegDecoder3.vhd ;         ;
; TimerSetup.vhd                   ; yes             ; User VHDL File                     ; D:/Universidade/LSDig/Projects/MiniProject1/Fase3/TimerSetup.vhd      ;         ;
; Mux2_1.vhd                       ; yes             ; User VHDL File                     ; D:/Universidade/LSDig/Projects/MiniProject1/Fase3/Mux2_1.vhd          ;         ;
; Fase3.bdf                        ; yes             ; User Block Diagram/Schematic File  ; D:/Universidade/LSDig/Projects/MiniProject1/Fase3/Fase3.bdf           ;         ;
; FreqDivider.vhd                  ; yes             ; User VHDL File                     ; D:/Universidade/LSDig/Projects/MiniProject1/Fase3/FreqDivider.vhd     ;         ;
+----------------------------------+-----------------+------------------------------------+-----------------------------------------------------------------------+---------+


+-----------------------------------------------------------+
; Analysis & Synthesis Resource Usage Summary               ;
+---------------------------------------------+-------------+
; Resource                                    ; Usage       ;
+---------------------------------------------+-------------+
; Estimated Total logic elements              ; 199         ;
;                                             ;             ;
; Total combinational functions               ; 199         ;
; Logic element usage by number of LUT inputs ;             ;
;     -- 4 input functions                    ; 92          ;
;     -- 3 input functions                    ; 65          ;
;     -- <=2 input functions                  ; 42          ;
;                                             ;             ;
; Logic elements by mode                      ;             ;
;     -- normal mode                          ; 169         ;
;     -- arithmetic mode                      ; 30          ;
;                                             ;             ;
; Total registers                             ; 62          ;
;     -- Dedicated logic registers            ; 62          ;
;     -- I/O registers                        ; 0           ;
;                                             ;             ;
; I/O pins                                    ; 36          ;
;                                             ;             ;
; Embedded Multiplier 9-bit elements          ; 0           ;
;                                             ;             ;
; Maximum fan-out node                        ; SW[0]~input ;
; Maximum fan-out                             ; 80          ;
; Total fan-out                               ; 854         ;
; Average fan-out                             ; 2.56        ;
+---------------------------------------------+-------------+


+-----------------------------------------------------------------------------------------------------------------------------------------------------------------------------------------------------------------------+
; Analysis & Synthesis Resource Utilization by Entity                                                                                                                                                                   ;
+----------------------------+---------------------+---------------------------+-------------+--------------+---------+-----------+------+--------------+------------------------------+-----------------+--------------+
; Compilation Hierarchy Node ; Combinational ALUTs ; Dedicated Logic Registers ; Memory Bits ; DSP Elements ; DSP 9x9 ; DSP 18x18 ; Pins ; Virtual Pins ; Full Hierarchy Name          ; Entity Name     ; Library Name ;
+----------------------------+---------------------+---------------------------+-------------+--------------+---------+-----------+------+--------------+------------------------------+-----------------+--------------+
; |Fase3                     ; 199 (0)             ; 62 (0)                    ; 0           ; 0            ; 0       ; 0         ; 36   ; 0            ; |Fase3                       ; Fase3           ; work         ;
;    |Bin7SegDecoder3:inst6| ; 6 (6)               ; 0 (0)                     ; 0           ; 0            ; 0       ; 0         ; 0    ; 0            ; |Fase3|Bin7SegDecoder3:inst6 ; Bin7SegDecoder3 ; work         ;
;    |Bin7SegDecoder3:inst7| ; 6 (6)               ; 0 (0)                     ; 0           ; 0            ; 0       ; 0         ; 0    ; 0            ; |Fase3|Bin7SegDecoder3:inst7 ; Bin7SegDecoder3 ; work         ;
;    |Bin7SegDecoder4:inst2| ; 13 (13)             ; 0 (0)                     ; 0           ; 0            ; 0       ; 0         ; 0    ; 0            ; |Fase3|Bin7SegDecoder4:inst2 ; Bin7SegDecoder4 ; work         ;
;    |Bin7SegDecoder4:inst8| ; 13 (13)             ; 0 (0)                     ; 0           ; 0            ; 0       ; 0         ; 0    ; 0            ; |Fase3|Bin7SegDecoder4:inst8 ; Bin7SegDecoder4 ; work         ;
;    |FreqDivider:inst5|     ; 57 (57)             ; 32 (32)                   ; 0           ; 0            ; 0       ; 0         ; 0    ; 0            ; |Fase3|FreqDivider:inst5     ; FreqDivider     ; work         ;
;    |Mux2_1:inst12|         ; 14 (14)             ; 0 (0)                     ; 0           ; 0            ; 0       ; 0         ; 0    ; 0            ; |Fase3|Mux2_1:inst12         ; Mux2_1          ; work         ;
;    |TimeCounter:inst|      ; 74 (74)             ; 16 (16)                   ; 0           ; 0            ; 0       ; 0         ; 0    ; 0            ; |Fase3|TimeCounter:inst      ; TimeCounter     ; work         ;
;    |TimerSetup:inst10|     ; 16 (16)             ; 14 (14)                   ; 0           ; 0            ; 0       ; 0         ; 0    ; 0            ; |Fase3|TimerSetup:inst10     ; TimerSetup      ; work         ;
+----------------------------+---------------------+---------------------------+-------------+--------------+---------+-----------+------+--------------+------------------------------+-----------------+--------------+
Note: For table entries with two numbers listed, the numbers in parentheses indicate the number of resources of the given type used by the specific entity alone. The numbers listed outside of parentheses indicate the total resources of the given type used by the specific entity and all of its sub-entities in the hierarchy.


+------------------------------------------------------+
; General Register Statistics                          ;
+----------------------------------------------+-------+
; Statistic                                    ; Value ;
+----------------------------------------------+-------+
; Total registers                              ; 62    ;
; Number of registers using Synchronous Clear  ; 0     ;
; Number of registers using Synchronous Load   ; 0     ;
; Number of registers using Asynchronous Clear ; 15    ;
; Number of registers using Asynchronous Load  ; 0     ;
; Number of registers using Clock Enable       ; 4     ;
; Number of registers using Preset             ; 0     ;
+----------------------------------------------+-------+


+--------------------------------------------------+
; Inverted Register Statistics                     ;
+----------------------------------------+---------+
; Inverted Register                      ; Fan out ;
+----------------------------------------+---------+
; TimerSetup:inst10|s_sec0[0]            ; 8       ;
; TimerSetup:inst10|s_sec0[3]            ; 7       ;
; TimerSetup:inst10|s_sec1[2]            ; 5       ;
; TimerSetup:inst10|s_sec1[0]            ; 6       ;
; TimerSetup:inst10|s_min0[0]            ; 8       ;
; TimerSetup:inst10|s_min0[3]            ; 7       ;
; TimerSetup:inst10|s_min1[2]            ; 5       ;
; TimerSetup:inst10|s_min1[0]            ; 6       ;
; Total number of inverted registers = 8 ;         ;
+----------------------------------------+---------+


+--------------------------------------------------------------------------------------------------------------------------------------------------------+
; Multiplexer Restructuring Statistics (Restructuring Performed)                                                                                         ;
+--------------------+-----------+---------------+----------------------+------------------------+------------+------------------------------------------+
; Multiplexer Inputs ; Bus Width ; Baseline Area ; Area if Restructured ; Saving if Restructured ; Registered ; Example Multiplexer Output               ;
+--------------------+-----------+---------------+----------------------+------------------------+------------+------------------------------------------+
; 3:1                ; 3 bits    ; 6 LEs         ; 3 LEs                ; 3 LEs                  ; Yes        ; |Fase3|TimeCounter:inst|s_min1[0]        ;
; 4:1                ; 4 bits    ; 8 LEs         ; 4 LEs                ; 4 LEs                  ; Yes        ; |Fase3|TimeCounter:inst|s_min0[0]        ;
; 6:1                ; 4 bits    ; 16 LEs        ; 4 LEs                ; 12 LEs                 ; Yes        ; |Fase3|TimeCounter:inst|s_sec0[2]        ;
; 5:1                ; 3 bits    ; 9 LEs         ; 3 LEs                ; 6 LEs                  ; Yes        ; |Fase3|TimeCounter:inst|s_sec1[0]        ;
; 8:1                ; 2 bits    ; 10 LEs        ; 6 LEs                ; 4 LEs                  ; No         ; |Fase3|Bin7SegDecoder3:inst6|decOut_n[4] ;
; 8:1                ; 2 bits    ; 10 LEs        ; 6 LEs                ; 4 LEs                  ; No         ; |Fase3|Bin7SegDecoder3:inst7|decOut_n[6] ;
; 5:1                ; 2 bits    ; 6 LEs         ; 6 LEs                ; 0 LEs                  ; No         ; |Fase3|Bin7SegDecoder4:inst2|decOut_n[3] ;
; 5:1                ; 2 bits    ; 6 LEs         ; 6 LEs                ; 0 LEs                  ; No         ; |Fase3|Bin7SegDecoder4:inst8|decOut_n[3] ;
+--------------------+-----------+---------------+----------------------+------------------------+------------+------------------------------------------+


+-----------------------------------------------------+
; Post-Synthesis Netlist Statistics for Top Partition ;
+-----------------------+-----------------------------+
; Type                  ; Count                       ;
+-----------------------+-----------------------------+
; boundary_port         ; 36                          ;
; cycloneiii_ff         ; 62                          ;
;     CLR               ; 15                          ;
;     ENA               ; 4                           ;
;     plain             ; 43                          ;
; cycloneiii_lcell_comb ; 201                         ;
;     arith             ; 30                          ;
;         2 data inputs ; 30                          ;
;     normal            ; 171                         ;
;         1 data inputs ; 3                           ;
;         2 data inputs ; 11                          ;
;         3 data inputs ; 65                          ;
;         4 data inputs ; 92                          ;
;                       ;                             ;
; Max LUT depth         ; 6.00                        ;
; Average LUT depth     ; 4.04                        ;
+-----------------------+-----------------------------+


+-------------------------------+
; Elapsed Time Per Partition    ;
+----------------+--------------+
; Partition Name ; Elapsed Time ;
+----------------+--------------+
; Top            ; 00:00:00     ;
+----------------+--------------+


+-------------------------------+
; Analysis & Synthesis Messages ;
+-------------------------------+
Info: *******************************************************************
Info: Running Quartus Prime Analysis & Synthesis
    Info: Version 17.1.0 Build 590 10/25/2017 SJ Lite Edition
    Info: Processing started: Sat Apr 14 13:29:57 2018
Info: Command: quartus_map --read_settings_files=on --write_settings_files=off Fase3 -c Fase3
Warning (18236): Number of processors has not been specified which may cause overloading on shared machines.  Set the global assignment NUM_PARALLEL_PROCESSORS in your QSF to an appropriate value for best performance.
Info (20030): Parallel compilation is enabled and will use 4 of the 4 processors detected
Info (12021): Found 2 design units, including 1 entities, in source file timecounter.vhd
    Info (12022): Found design unit 1: TimeCounter-BehavProc File: D:/Universidade/LSDig/Projects/MiniProject1/Fase3/TimeCounter.vhd Line: 22
    Info (12023): Found entity 1: TimeCounter File: D:/Universidade/LSDig/Projects/MiniProject1/Fase3/TimeCounter.vhd Line: 5
Info (12021): Found 2 design units, including 1 entities, in source file bin7segdecoder4.vhd
    Info (12022): Found design unit 1: Bin7SegDecoder4-Behavioral File: D:/Universidade/LSDig/Projects/MiniProject1/Fase3/Bin7SegDecoder4.vhd Line: 9
    Info (12023): Found entity 1: Bin7SegDecoder4 File: D:/Universidade/LSDig/Projects/MiniProject1/Fase3/Bin7SegDecoder4.vhd Line: 4
Info (12021): Found 2 design units, including 1 entities, in source file bin7segdecoder3.vhd
    Info (12022): Found design unit 1: Bin7SegDecoder3-Behavioral File: D:/Universidade/LSDig/Projects/MiniProject1/Fase3/Bin7SegDecoder3.vhd Line: 9
    Info (12023): Found entity 1: Bin7SegDecoder3 File: D:/Universidade/LSDig/Projects/MiniProject1/Fase3/Bin7SegDecoder3.vhd Line: 4
Info (12021): Found 2 design units, including 1 entities, in source file timersetup.vhd
    Info (12022): Found design unit 1: TimerSetup-BehavProc File: D:/Universidade/LSDig/Projects/MiniProject1/Fase3/TimerSetup.vhd Line: 18
    Info (12023): Found entity 1: TimerSetup File: D:/Universidade/LSDig/Projects/MiniProject1/Fase3/TimerSetup.vhd Line: 5
Info (12021): Found 2 design units, including 1 entities, in source file mux2_1.vhd
    Info (12022): Found design unit 1: Mux2_1-BehavProc File: D:/Universidade/LSDig/Projects/MiniProject1/Fase3/Mux2_1.vhd Line: 20
    Info (12023): Found entity 1: Mux2_1 File: D:/Universidade/LSDig/Projects/MiniProject1/Fase3/Mux2_1.vhd Line: 4
Info (12021): Found 1 design units, including 1 entities, in source file fase3.bdf
    Info (12023): Found entity 1: Fase3
Info (12021): Found 2 design units, including 1 entities, in source file freqdivider.vhd
    Info (12022): Found design unit 1: FreqDivider-Behavioral File: D:/Universidade/LSDig/Projects/MiniProject1/Fase3/FreqDivider.vhd Line: 12
    Info (12023): Found entity 1: FreqDivider File: D:/Universidade/LSDig/Projects/MiniProject1/Fase3/FreqDivider.vhd Line: 6
Info (12127): Elaborating entity "Fase3" for the top level hierarchy
Info (12128): Elaborating entity "Bin7SegDecoder4" for hierarchy "Bin7SegDecoder4:inst2"
Info (12128): Elaborating entity "Mux2_1" for hierarchy "Mux2_1:inst12"
Warning (10631): VHDL Process Statement warning at Mux2_1.vhd(22): inferring latch(es) for signal or variable "dataOut0", which holds its previous value in one or more paths through the process File: D:/Universidade/LSDig/Projects/MiniProject1/Fase3/Mux2_1.vhd Line: 22
Warning (10631): VHDL Process Statement warning at Mux2_1.vhd(22): inferring latch(es) for signal or variable "dataOut1", which holds its previous value in one or more paths through the process File: D:/Universidade/LSDig/Projects/MiniProject1/Fase3/Mux2_1.vhd Line: 22
Warning (10631): VHDL Process Statement warning at Mux2_1.vhd(22): inferring latch(es) for signal or variable "dataOut2", which holds its previous value in one or more paths through the process File: D:/Universidade/LSDig/Projects/MiniProject1/Fase3/Mux2_1.vhd Line: 22
Warning (10631): VHDL Process Statement warning at Mux2_1.vhd(22): inferring latch(es) for signal or variable "dataOut3", which holds its previous value in one or more paths through the process File: D:/Universidade/LSDig/Projects/MiniProject1/Fase3/Mux2_1.vhd Line: 22
Info (10041): Inferred latch for "dataOut3[0]" at Mux2_1.vhd(22) File: D:/Universidade/LSDig/Projects/MiniProject1/Fase3/Mux2_1.vhd Line: 22
Info (10041): Inferred latch for "dataOut3[1]" at Mux2_1.vhd(22) File: D:/Universidade/LSDig/Projects/MiniProject1/Fase3/Mux2_1.vhd Line: 22
Info (10041): Inferred latch for "dataOut3[2]" at Mux2_1.vhd(22) File: D:/Universidade/LSDig/Projects/MiniProject1/Fase3/Mux2_1.vhd Line: 22
Info (10041): Inferred latch for "dataOut2[0]" at Mux2_1.vhd(22) File: D:/Universidade/LSDig/Projects/MiniProject1/Fase3/Mux2_1.vhd Line: 22
Info (10041): Inferred latch for "dataOut2[1]" at Mux2_1.vhd(22) File: D:/Universidade/LSDig/Projects/MiniProject1/Fase3/Mux2_1.vhd Line: 22
Info (10041): Inferred latch for "dataOut2[2]" at Mux2_1.vhd(22) File: D:/Universidade/LSDig/Projects/MiniProject1/Fase3/Mux2_1.vhd Line: 22
Info (10041): Inferred latch for "dataOut2[3]" at Mux2_1.vhd(22) File: D:/Universidade/LSDig/Projects/MiniProject1/Fase3/Mux2_1.vhd Line: 22
Info (10041): Inferred latch for "dataOut1[0]" at Mux2_1.vhd(22) File: D:/Universidade/LSDig/Projects/MiniProject1/Fase3/Mux2_1.vhd Line: 22
Info (10041): Inferred latch for "dataOut1[1]" at Mux2_1.vhd(22) File: D:/Universidade/LSDig/Projects/MiniProject1/Fase3/Mux2_1.vhd Line: 22
Info (10041): Inferred latch for "dataOut1[2]" at Mux2_1.vhd(22) File: D:/Universidade/LSDig/Projects/MiniProject1/Fase3/Mux2_1.vhd Line: 22
Info (10041): Inferred latch for "dataOut0[0]" at Mux2_1.vhd(22) File: D:/Universidade/LSDig/Projects/MiniProject1/Fase3/Mux2_1.vhd Line: 22
Info (10041): Inferred latch for "dataOut0[1]" at Mux2_1.vhd(22) File: D:/Universidade/LSDig/Projects/MiniProject1/Fase3/Mux2_1.vhd Line: 22
Info (10041): Inferred latch for "dataOut0[2]" at Mux2_1.vhd(22) File: D:/Universidade/LSDig/Projects/MiniProject1/Fase3/Mux2_1.vhd Line: 22
Info (10041): Inferred latch for "dataOut0[3]" at Mux2_1.vhd(22) File: D:/Universidade/LSDig/Projects/MiniProject1/Fase3/Mux2_1.vhd Line: 22
Info (12128): Elaborating entity "TimeCounter" for hierarchy "TimeCounter:inst"
Warning (10492): VHDL Process Statement warning at TimeCounter.vhd(32): signal "min0In" is read inside the Process Statement but isn't in the Process Statement's sensitivity list File: D:/Universidade/LSDig/Projects/MiniProject1/Fase3/TimeCounter.vhd Line: 32
Warning (10492): VHDL Process Statement warning at TimeCounter.vhd(33): signal "sec0In" is read inside the Process Statement but isn't in the Process Statement's sensitivity list File: D:/Universidade/LSDig/Projects/MiniProject1/Fase3/TimeCounter.vhd Line: 33
Warning (10492): VHDL Process Statement warning at TimeCounter.vhd(34): signal "min1In" is read inside the Process Statement but isn't in the Process Statement's sensitivity list File: D:/Universidade/LSDig/Projects/MiniProject1/Fase3/TimeCounter.vhd Line: 34
Warning (10492): VHDL Process Statement warning at TimeCounter.vhd(35): signal "sec1In" is read inside the Process Statement but isn't in the Process Statement's sensitivity list File: D:/Universidade/LSDig/Projects/MiniProject1/Fase3/TimeCounter.vhd Line: 35
Info (12128): Elaborating entity "FreqDivider" for hierarchy "FreqDivider:inst5"
Info (12128): Elaborating entity "TimerSetup" for hierarchy "TimerSetup:inst10"
Info (12128): Elaborating entity "Bin7SegDecoder3" for hierarchy "Bin7SegDecoder3:inst6"
Warning (13004): Presettable and clearable registers converted to equivalent circuits with latches. Registers power-up to an undefined state, and DEVCLRn places the registers in an undefined state.
    Warning (13310): Register "TimeCounter:inst|s_sec0[2]" is converted into an equivalent circuit using register "TimeCounter:inst|s_sec0[2]~_emulated" and latch "TimeCounter:inst|s_sec0[2]~1" File: D:/Universidade/LSDig/Projects/MiniProject1/Fase3/TimeCounter.vhd Line: 31
    Warning (13310): Register "TimeCounter:inst|s_sec0[1]" is converted into an equivalent circuit using register "TimeCounter:inst|s_sec0[1]~_emulated" and latch "TimeCounter:inst|s_sec0[1]~5" File: D:/Universidade/LSDig/Projects/MiniProject1/Fase3/TimeCounter.vhd Line: 31
    Warning (13310): Register "TimeCounter:inst|s_sec0[3]" is converted into an equivalent circuit using register "TimeCounter:inst|s_sec0[3]~_emulated" and latch "TimeCounter:inst|s_sec0[3]~9" File: D:/Universidade/LSDig/Projects/MiniProject1/Fase3/TimeCounter.vhd Line: 31
    Warning (13310): Register "TimeCounter:inst|s_sec0[0]" is converted into an equivalent circuit using register "TimeCounter:inst|s_sec0[0]~_emulated" and latch "TimeCounter:inst|s_sec0[0]~13" File: D:/Universidade/LSDig/Projects/MiniProject1/Fase3/TimeCounter.vhd Line: 31
    Warning (13310): Register "TimeCounter:inst|s_sec1[1]" is converted into an equivalent circuit using register "TimeCounter:inst|s_sec1[1]~_emulated" and latch "TimeCounter:inst|s_sec1[1]~1" File: D:/Universidade/LSDig/Projects/MiniProject1/Fase3/TimeCounter.vhd Line: 31
    Warning (13310): Register "TimeCounter:inst|s_sec1[2]" is converted into an equivalent circuit using register "TimeCounter:inst|s_sec1[2]~_emulated" and latch "TimeCounter:inst|s_sec1[2]~5" File: D:/Universidade/LSDig/Projects/MiniProject1/Fase3/TimeCounter.vhd Line: 31
    Warning (13310): Register "TimeCounter:inst|s_sec1[0]" is converted into an equivalent circuit using register "TimeCounter:inst|s_sec1[0]~_emulated" and latch "TimeCounter:inst|s_sec1[0]~9" File: D:/Universidade/LSDig/Projects/MiniProject1/Fase3/TimeCounter.vhd Line: 31
    Warning (13310): Register "TimeCounter:inst|s_min0[2]" is converted into an equivalent circuit using register "TimeCounter:inst|s_min0[2]~_emulated" and latch "TimeCounter:inst|s_min0[2]~1" File: D:/Universidade/LSDig/Projects/MiniProject1/Fase3/TimeCounter.vhd Line: 31
    Warning (13310): Register "TimeCounter:inst|s_min0[3]" is converted into an equivalent circuit using register "TimeCounter:inst|s_min0[3]~_emulated" and latch "TimeCounter:inst|s_min0[3]~5" File: D:/Universidade/LSDig/Projects/MiniProject1/Fase3/TimeCounter.vhd Line: 31
    Warning (13310): Register "TimeCounter:inst|s_min0[0]" is converted into an equivalent circuit using register "TimeCounter:inst|s_min0[0]~_emulated" and latch "TimeCounter:inst|s_min0[0]~9" File: D:/Universidade/LSDig/Projects/MiniProject1/Fase3/TimeCounter.vhd Line: 31
    Warning (13310): Register "TimeCounter:inst|s_min0[1]" is converted into an equivalent circuit using register "TimeCounter:inst|s_min0[1]~_emulated" and latch "TimeCounter:inst|s_min0[1]~13" File: D:/Universidade/LSDig/Projects/MiniProject1/Fase3/TimeCounter.vhd Line: 31
    Warning (13310): Register "TimeCounter:inst|s_min1[1]" is converted into an equivalent circuit using register "TimeCounter:inst|s_min1[1]~_emulated" and latch "TimeCounter:inst|s_min1[1]~1" File: D:/Universidade/LSDig/Projects/MiniProject1/Fase3/TimeCounter.vhd Line: 31
    Warning (13310): Register "TimeCounter:inst|s_min1[2]" is converted into an equivalent circuit using register "TimeCounter:inst|s_min1[2]~_emulated" and latch "TimeCounter:inst|s_min1[2]~5" File: D:/Universidade/LSDig/Projects/MiniProject1/Fase3/TimeCounter.vhd Line: 31
    Warning (13310): Register "TimeCounter:inst|s_min1[0]" is converted into an equivalent circuit using register "TimeCounter:inst|s_min1[0]~_emulated" and latch "TimeCounter:inst|s_min1[0]~9" File: D:/Universidade/LSDig/Projects/MiniProject1/Fase3/TimeCounter.vhd Line: 31
Info (286030): Timing-Driven Synthesis is running
Info (16010): Generating hard_block partition "hard_block:auto_generated_inst"
    Info (16011): Adding 0 node(s), including 0 DDIO, 0 PLL, 0 transceiver and 0 LCELL
Info (21057): Implemented 235 device resources after synthesis - the final resource count might be different
    Info (21058): Implemented 7 input pins
    Info (21059): Implemented 29 output pins
    Info (21061): Implemented 199 logic cells
Info: Quartus Prime Analysis & Synthesis was successful. 0 errors, 24 warnings
    Info: Peak virtual memory: 720 megabytes
    Info: Processing ended: Sat Apr 14 13:30:09 2018
    Info: Elapsed time: 00:00:12
    Info: Total CPU time (on all processors): 00:00:24


